<?xml version="1.0" encoding="UTF-8"?>
<testng-results skipped="0" failed="0" ignored="0" total="1" passed="1">
  <reporter-output>
  </reporter-output>
  <suite name="Default suite" duration-ms="9007" started-at="2021-06-14T10:04:18Z" finished-at="2021-06-14T10:04:27Z">
    <groups>
      <group name="cucumber">
        <method signature="AbstractTestNGCucumberTests.feature(cucumber.api.testng.CucumberFeatureWrapper)[pri:0, instance:com.Testrunner.Testrunner@1ed4004b]" name="feature" class="cucumber.api.testng.AbstractTestNGCucumberTests"/>
      </group> <!-- cucumber -->
    </groups>
    <test name="Default test" duration-ms="9007" started-at="2021-06-14T10:04:18Z" finished-at="2021-06-14T10:04:27Z">
      <class name="com.Testrunner.Testrunner">
        <test-method status="PASS" signature="setUpClass()[pri:0, instance:com.Testrunner.Testrunner@1ed4004b]" name="setUpClass" is-config="true" duration-ms="613" started-at="2021-06-14T15:34:18Z" finished-at="2021-06-14T15:34:19Z">
          <reporter-output>
          </reporter-output>
        </test-method> <!-- setUpClass -->
        <test-method status="PASS" signature="feature(cucumber.api.testng.CucumberFeatureWrapper)[pri:0, instance:com.Testrunner.Testrunner@1ed4004b]" name="feature" duration-ms="8226" started-at="2021-06-14T15:34:19Z" description="Runs Cucumber Feature" data-provider="features" finished-at="2021-06-14T15:34:27Z">
          <params>
            <param index="0">
              <value>
                <![CDATA[Add new Users]]>
              </value>
            </param>
          </params>
          <reporter-output>
          </reporter-output>
        </test-method> <!-- feature -->
        <test-method status="PASS" signature="tearDownClass()[pri:0, instance:com.Testrunner.Testrunner@1ed4004b]" name="tearDownClass" is-config="true" duration-ms="7" started-at="2021-06-14T15:34:27Z" finished-at="2021-06-14T15:34:27Z">
          <reporter-output>
          </reporter-output>
        </test-method> <!-- tearDownClass -->
      </class> <!-- com.Testrunner.Testrunner -->
    </test> <!-- Default test -->
  </suite> <!-- Default suite -->
</testng-results>
